#
# There is insufficient memory for the Java Runtime Environment to continue.
# Native memory allocation (malloc) failed to allocate 1122816 bytes for Chunk::new
# Possible reasons:
#   The system is out of physical RAM or swap space
#   In 32 bit mode, the process size limit was hit
# Possible solutions:
#   Reduce memory load on the system
#   Increase physical memory or swap space
#   Check if swap backing store is full
#   Use 64 bit Java on a 64 bit OS
#   Decrease Java heap size (-Xmx/-Xms)
#   Decrease number of Java threads
#   Decrease Java thread stack sizes (-Xss)
#   Set larger code cache with -XX:ReservedCodeCacheSize=
# This output file may be truncated or incomplete.
#
#  Out of Memory Error (allocation.cpp:390), pid=2520, tid=0x00000000000028e0
#
# JRE version: Java(TM) SE Runtime Environment (8.0_171-b11) (build 1.8.0_171-b11)
# Java VM: Java HotSpot(TM) 64-Bit Server VM (25.171-b11 mixed mode windows-amd64 compressed oops)
# Failed to write core dump. Minidumps are not enabled by default on client versions of Windows
#

---------------  T H R E A D  ---------------

Current thread (0x0000000018224000):  JavaThread "C2 CompilerThread1" daemon [_thread_in_native, id=10464, stack(0x0000000019ca0000,0x0000000019da0000)]

Stack: [0x0000000019ca0000,0x0000000019da0000]
[error occurred during error reporting (printing stack bounds), id 0xc0000005]

Native frames: (J=compiled Java code, j=interpreted, Vv=VM code, C=native code)


Current CompileTask:
C2:   5682 2966   !   4       org.springframework.context.annotation.ConfigurationClassParser::asSourceClass (99 bytes)


---------------  P R O C E S S  ---------------

Java Threads: ( => current thread )
  0x000000001b564000 JavaThread "Unknown thread" [_thread_blocked, id=10856, stack(0x000000001f430000,0x000000001f530000)]
  0x000000001b563000 JavaThread "Unknown thread" [_thread_blocked, id=14996, stack(0x000000001f330000,0x000000001f430000)]
  0x000000001cfee000 JavaThread "Unknown thread" [_thread_in_native, id=4248, stack(0x000000001f230000,0x000000001f330000)]
  0x000000001c806800 JavaThread "Unknown thread" [_thread_in_native, id=3516, stack(0x000000001dbf0000,0x000000001dcf0000)]
  0x000000001b4bc800 JavaThread "restartedMain" [_thread_blocked, id=10900, stack(0x000000001ba20000,0x000000001bb20000)]
  0x000000001acb8000 JavaThread "Thread-0" [_thread_blocked, id=16072, stack(0x000000001b920000,0x000000001ba20000)]
  0x000000001824d800 JavaThread "Service Thread" daemon [_thread_blocked, id=10128, stack(0x0000000019ea0000,0x0000000019fa0000)]
  0x0000000018248000 JavaThread "C1 CompilerThread2" daemon [_thread_blocked, id=5824, stack(0x0000000019da0000,0x0000000019ea0000)]
=>0x0000000018224000 JavaThread "C2 CompilerThread1" daemon [_thread_in_native, id=10464, stack(0x0000000019ca0000,0x0000000019da0000)]
  0x0000000018220000 JavaThread "C2 CompilerThread0" daemon [_thread_blocked, id=1688, stack(0x0000000019ba0000,0x0000000019ca0000)]
  0x0000000018208800 JavaThread "Attach Listener" daemon [_thread_blocked, id=15124, stack(0x0000000019aa0000,0x0000000019ba0000)]
  0x00000000195e3800 JavaThread "Signal Dispatcher" daemon [_thread_blocked, id=10528, stack(0x00000000199a0000,0x0000000019aa0000)]
  0x00000000181e1000 JavaThread "Finalizer" daemon [_thread_blocked, id=15896, stack(0x0000000019440000,0x0000000019540000)]
  0x00000000181b9000 JavaThread "Reference Handler" daemon [_thread_blocked, id=6724, stack(0x0000000019340000,0x0000000019440000)]
  0x000000000362b000 JavaThread "main" [_thread_blocked, id=11916, stack(0x0000000003520000,0x0000000003620000)]

Other Threads:
  0x00000000181b7000 VMThread [stack: 0x0000000019240000,0x0000000019340000] [id=10272]
  0x000000001966c800 WatcherThread [stack: 0x0000000019fa0000,0x000000001a0a0000] [id=3804]

VM state:at safepoint (normal execution)

VM Mutex/Monitor currently owned by a thread:  ([mutex/lock_event])
[0x00000000036287e0] Threads_lock - owner thread: 0x00000000181b7000
[0x00000000036281e0] Heap_lock - owner thread: 0x000000001b4bc800

Heap:
 PSYoungGen      total 107008K, used 6628K [0x00000000d6300000, 0x00000000df280000, 0x0000000100000000)
  eden space 100352K, 0% used [0x00000000d6300000,0x00000000d6300000,0x00000000dc500000)
  from space 6656K, 99% used [0x00000000dec00000,0x00000000df279040,0x00000000df280000)
  to   space 9216K, 0% used [0x00000000de080000,0x00000000de080000,0x00000000de980000)
 ParOldGen       total 57344K, used 12098K [0x0000000082800000, 0x0000000086000000, 0x00000000d6300000)
  object space 57344K, 21% used [0x0000000082800000,0x00000000833d0aa8,0x0000000086000000)
 Metaspace       used 34104K, capacity 35318K, committed 35416K, reserved 1079296K
  class space    used 4408K, capacity 4673K, committed 4736K, reserved 1048576K

Card table byte_map: [0x0000000012ae0000,0x0000000012ed0000] byte_map_base: 0x00000000126cc000

Marking Bits: (ParMarkBitMap*) 0x0000000077ba08c0
 Begin Bits: [0x0000000013570000, 0x00000000154d0000)
 End Bits:   [0x00000000154d0000, 0x0000000017430000)

Polling page: 0x0000000001770000

CodeCache: size=245760Kb used=11381Kb max_used=11381Kb free=234378Kb
 bounds [0x0000000003720000, 0x0000000004250000, 0x0000000012720000]
 total_blobs=3672 nmethods=3245 adapters=337
 compilation: enabled

Compilation events (10 events):
Event: 5.590 Thread 0x0000000018248000 3326       2       java.util.Spliterators$ArraySpliterator::<init> (33 bytes)
Event: 5.590 Thread 0x0000000018248000 nmethod 3326 0x0000000004236590 code [0x00000000042366e0, 0x0000000004236850]
Event: 5.592 Thread 0x0000000018248000 3327       2       sun.reflect.generics.repository.GenericDeclRepository::getTypeParameters (80 bytes)
Event: 5.593 Thread 0x0000000018248000 nmethod 3327 0x0000000004241e10 code [0x0000000004241fc0, 0x0000000004242568]
Event: 5.594 Thread 0x0000000018248000 3328       2       org.springframework.core.annotation.AnnotationUtils::findAnnotation (87 bytes)
Event: 5.595 Thread 0x0000000018248000 nmethod 3328 0x0000000004242910 code [0x0000000004242b00, 0x0000000004243108]
Event: 5.595 Thread 0x0000000018248000 3329       2       org.springframework.boot.autoconfigure.condition.OnPropertyCondition::lambda$annotationAttributesFromMultiValueMap$0 (78 bytes)
Event: 5.596 Thread 0x0000000018248000 nmethod 3329 0x0000000004243710 code [0x00000000042438c0, 0x0000000004243c58]
Event: 5.597 Thread 0x0000000018248000 3330       2       org.springframework.core.MethodParameter::<init> (35 bytes)
Event: 5.598 Thread 0x0000000018248000 nmethod 3330 0x0000000004243e50 code [0x0000000004243fe0, 0x00000000042443a8]

GC Heap History (10 events):
Event: 2.243 GC heap after
Heap after GC invocations=5 (full 0):
 PSYoungGen      total 70656K, used 5109K [0x00000000d6300000, 0x00000000df500000, 0x0000000100000000)
  eden space 65536K, 0% used [0x00000000d6300000,0x00000000d6300000,0x00000000da300000)
  from space 5120K, 99% used [0x00000000da300000,0x00000000da7fd5a0,0x00000000da800000)
  to   space 9216K, 0% used [0x00000000dec00000,0x00000000dec00000,0x00000000df500000)
 ParOldGen       total 86016K, used 9856K [0x0000000082800000, 0x0000000087c00000, 0x00000000d6300000)
  object space 86016K, 11% used [0x0000000082800000,0x00000000831a0138,0x0000000087c00000)
 Metaspace       used 20615K, capacity 21130K, committed 21248K, reserved 1067008K
  class space    used 2587K, capacity 2736K, committed 2816K, reserved 1048576K
}
Event: 2.243 GC heap before
{Heap before GC invocations=6 (full 1):
 PSYoungGen      total 70656K, used 5109K [0x00000000d6300000, 0x00000000df500000, 0x0000000100000000)
  eden space 65536K, 0% used [0x00000000d6300000,0x00000000d6300000,0x00000000da300000)
  from space 5120K, 99% used [0x00000000da300000,0x00000000da7fd5a0,0x00000000da800000)
  to   space 9216K, 0% used [0x00000000dec00000,0x00000000dec00000,0x00000000df500000)
 ParOldGen       total 86016K, used 9856K [0x0000000082800000, 0x0000000087c00000, 0x00000000d6300000)
  object space 86016K, 11% used [0x0000000082800000,0x00000000831a0138,0x0000000087c00000)
 Metaspace       used 20615K, capacity 21130K, committed 21248K, reserved 1067008K
  class space    used 2587K, capacity 2736K, committed 2816K, reserved 1048576K
Event: 2.276 GC heap after
Heap after GC invocations=6 (full 1):
 PSYoungGen      total 70656K, used 0K [0x00000000d6300000, 0x00000000df500000, 0x0000000100000000)
  eden space 65536K, 0% used [0x00000000d6300000,0x00000000d6300000,0x00000000da300000)
  from space 5120K, 0% used [0x00000000da300000,0x00000000da300000,0x00000000da800000)
  to   space 9216K, 0% used [0x00000000dec00000,0x00000000dec00000,0x00000000df500000)
 ParOldGen       total 57344K, used 6509K [0x0000000082800000, 0x0000000086000000, 0x00000000d6300000)
  object space 57344K, 11% used [0x0000000082800000,0x0000000082e5b7e8,0x0000000086000000)
 Metaspace       used 20615K, capacity 21130K, committed 21248K, reserved 1067008K
  class space    used 2587K, capacity 2736K, committed 2816K, reserved 1048576K
}
Event: 4.004 GC heap before
{Heap before GC invocations=7 (full 1):
 PSYoungGen      total 70656K, used 65536K [0x00000000d6300000, 0x00000000df500000, 0x0000000100000000)
  eden space 65536K, 100% used [0x00000000d6300000,0x00000000da300000,0x00000000da300000)
  from space 5120K, 0% used [0x00000000da300000,0x00000000da300000,0x00000000da800000)
  to   space 9216K, 0% used [0x00000000dec00000,0x00000000dec00000,0x00000000df500000)
 ParOldGen       total 57344K, used 6509K [0x0000000082800000, 0x0000000086000000, 0x00000000d6300000)
  object space 57344K, 11% used [0x0000000082800000,0x0000000082e5b7e8,0x0000000086000000)
 Metaspace       used 27632K, capacity 28554K, committed 28672K, reserved 1075200K
  class space    used 3552K, capacity 3774K, committed 3840K, reserved 1048576K
Event: 4.010 GC heap after
Heap after GC invocations=7 (full 1):
 PSYoungGen      total 107008K, used 6373K [0x00000000d6300000, 0x00000000df280000, 0x0000000100000000)
  eden space 100352K, 0% used [0x00000000d6300000,0x00000000d6300000,0x00000000dc500000)
  from space 6656K, 95% used [0x00000000dec00000,0x00000000df239648,0x00000000df280000)
  to   space 9216K, 0% used [0x00000000de080000,0x00000000de080000,0x00000000de980000)
 ParOldGen       total 57344K, used 6517K [0x0000000082800000, 0x0000000086000000, 0x00000000d6300000)
  object space 57344K, 11% used [0x0000000082800000,0x0000000082e5d7e8,0x0000000086000000)
 Metaspace       used 27632K, capacity 28554K, committed 28672K, reserved 1075200K
  class space    used 3552K, capacity 3774K, committed 3840K, reserved 1048576K
}
Event: 4.732 GC heap before
{Heap before GC invocations=8 (full 1):
 PSYoungGen      total 107008K, used 106725K [0x00000000d6300000, 0x00000000df280000, 0x0000000100000000)
  eden space 100352K, 100% used [0x00000000d6300000,0x00000000dc500000,0x00000000dc500000)
  from space 6656K, 95% used [0x00000000dec00000,0x00000000df239648,0x00000000df280000)
  to   space 9216K, 0% used [0x00000000de080000,0x00000000de080000,0x00000000de980000)
 ParOldGen       total 57344K, used 6517K [0x0000000082800000, 0x0000000086000000, 0x00000000d6300000)
  object space 57344K, 11% used [0x0000000082800000,0x0000000082e5d7e8,0x0000000086000000)
 Metaspace       used 31090K, capacity 32178K, committed 32384K, reserved 1077248K
  class space    used 3965K, capacity 4203K, committed 4224K, reserved 1048576K
Event: 4.746 GC heap after
Heap after GC invocations=8 (full 1):
 PSYoungGen      total 109568K, used 9194K [0x00000000d6300000, 0x00000000df280000, 0x0000000100000000)
  eden space 100352K, 0% used [0x00000000d6300000,0x00000000d6300000,0x00000000dc500000)
  from space 9216K, 99% used [0x00000000de080000,0x00000000de97a868,0x00000000de980000)
  to   space 6656K, 0% used [0x00000000dec00000,0x00000000dec00000,0x00000000df280000)
 ParOldGen       total 57344K, used 6737K [0x0000000082800000, 0x0000000086000000, 0x00000000d6300000)
  object space 57344K, 11% used [0x0000000082800000,0x0000000082e94668,0x0000000086000000)
 Metaspace       used 31090K, capacity 32178K, committed 32384K, reserved 1077248K
  class space    used 3965K, capacity 4203K, committed 4224K, reserved 1048576K
}
Event: 5.600 GC heap before
{Heap before GC invocations=9 (full 1):
 PSYoungGen      total 109568K, used 106997K [0x00000000d6300000, 0x00000000df280000, 0x0000000100000000)
  eden space 100352K, 97% used [0x00000000d6300000,0x00000000dc282ca8,0x00000000dc500000)
  from space 9216K, 99% used [0x00000000de080000,0x00000000de97a868,0x00000000de980000)
  to   space 6656K, 0% used [0x00000000dec00000,0x00000000dec00000,0x00000000df280000)
 ParOldGen       total 57344K, used 6737K [0x0000000082800000, 0x0000000086000000, 0x00000000d6300000)
  object space 57344K, 11% used [0x0000000082800000,0x0000000082e94668,0x0000000086000000)
 Metaspace       used 34104K, capacity 35318K, committed 35416K, reserved 1079296K
  class space    used 4408K, capacity 4673K, committed 4736K, reserved 1048576K
Event: 5.620 GC heap after
Heap after GC invocations=9 (full 1):
 PSYoungGen      total 107008K, used 6628K [0x00000000d6300000, 0x00000000df280000, 0x0000000100000000)
  eden space 100352K, 0% used [0x00000000d6300000,0x00000000d6300000,0x00000000dc500000)
  from space 6656K, 99% used [0x00000000dec00000,0x00000000df279040,0x00000000df280000)
  to   space 9216K, 0% used [0x00000000de080000,0x00000000de080000,0x00000000de980000)
 ParOldGen       total 57344K, used 12098K [0x0000000082800000, 0x0000000086000000, 0x00000000d6300000)
  object space 57344K, 21% used [0x0000000082800000,0x00000000833d0aa8,0x0000000086000000)
 Metaspace       used 34104K, capacity 35318K, committed 35416K, reserved 1079296K
  class space    used 4408K, capacity 4673K, committed 4736K, reserved 1048576K
}
Event: 5.620 GC heap before
{Heap before GC invocations=10 (full 2):
 PSYoungGen      total 107008K, used 6628K [0x00000000d6300000, 0x00000000df280000, 0x0000000100000000)
  eden space 100352K, 0% used [0x00000000d6300000,0x00000000d6300000,0x00000000dc500000)
  from space 6656K, 99% used [0x00000000dec00000,0x00000000df279040,0x00000000df280000)
  to   space 9216K, 0% used [0x00000000de080000,0x00000000de080000,0x00000000de980000)
 ParOldGen       total 57344K, used 12098K [0x0000000082800000, 0x0000000086000000, 0x00000000d6300000)
  object space 57344K, 21% used [0x0000000082800000,0x00000000833d0aa8,0x0000000086000000)
 Metaspace       used 34104K, capacity 35318K, committed 35416K, reserved 1079296K
  class space    used 4408K, capacity 4673K, committed 4736K, reserved 1048576K

Deoptimization events (10 events):
Event: 4.067 Thread 0x000000001b4bc800 Uncommon trap: reason=unstable_if action=reinterpret pc=0x00000000039bf69c method=java.lang.AbstractStringBuilder.append(Ljava/lang/String;)Ljava/lang/AbstractStringBuilder; @ 1
Event: 4.073 Thread 0x000000001b4bc800 Uncommon trap: reason=unstable_if action=reinterpret pc=0x0000000003b7aa8c method=java.net.URL.<init>(Ljava/net/URL;Ljava/lang/String;Ljava/net/URLStreamHandler;)V @ 347
Event: 4.155 Thread 0x000000001b4bc800 Uncommon trap: reason=unstable_if action=reinterpret pc=0x0000000003da6e84 method=org.springframework.asm.ClassReader.readUtf(II[C)Ljava/lang/String; @ 41
Event: 4.429 Thread 0x000000001b4bc800 Uncommon trap: reason=unstable_if action=reinterpret pc=0x000000000400a91c method=org.springframework.asm.ClassReader.readUTF8(I[C)Ljava/lang/String; @ 11
Event: 4.534 Thread 0x000000001b4bc800 Uncommon trap: reason=predicate action=maybe_recompile pc=0x00000000040a2df8 method=java.util.AbstractCollection.toArray([Ljava/lang/Object;)[Ljava/lang/Object; @ 49
Event: 4.546 Thread 0x000000001b4bc800 Uncommon trap: reason=array_check action=maybe_recompile pc=0x00000000040e56ec method=java.util.AbstractCollection.toArray([Ljava/lang/Object;)[Ljava/lang/Object; @ 119
Event: 4.546 Thread 0x000000001b4bc800 Uncommon trap: reason=array_check action=maybe_recompile pc=0x00000000040e56ec method=java.util.AbstractCollection.toArray([Ljava/lang/Object;)[Ljava/lang/Object; @ 119
Event: 4.546 Thread 0x000000001b4bc800 Uncommon trap: reason=array_check action=maybe_recompile pc=0x00000000040e56ec method=java.util.AbstractCollection.toArray([Ljava/lang/Object;)[Ljava/lang/Object; @ 119
Event: 4.546 Thread 0x000000001b4bc800 Uncommon trap: reason=array_check action=maybe_recompile pc=0x00000000040e56ec method=java.util.AbstractCollection.toArray([Ljava/lang/Object;)[Ljava/lang/Object; @ 119
Event: 4.719 Thread 0x000000001b4bc800 Uncommon trap: reason=unstable_if action=reinterpret pc=0x0000000003d2eae0 method=org.springframework.boot.context.properties.source.ConfigurationPropertyName.equals(Ljava/lang/Object;)Z @ 90

Classes redefined (0 events):
No events

Internal exceptions (10 events):
Event: 3.583 Thread 0x000000001cfee000 Exception <a 'java/lang/ClassNotFoundException': org/springframework/boot/actuate/endpoint/jmx/EndpointMBean> (0x00000000d9bdaae8) thrown at [C:\re\workspace\8-2-build-windows-amd64-cygwin\jdk8u171\10807\hotspot\src\share\vm\classfile\systemDictionary.cpp
Event: 3.583 Thread 0x000000001cfee000 Exception <a 'java/lang/ClassNotFoundException': org/springframework/boot/actuate/endpoint/jmx/DataEndpointMBean> (0x00000000d9bdb040) thrown at [C:\re\workspace\8-2-build-windows-amd64-cygwin\jdk8u171\10807\hotspot\src\share\vm\classfile\systemDictionary
Event: 3.583 Thread 0x000000001cfee000 Exception <a 'java/lang/ClassNotFoundException': org/springframework/context/support/LiveBeansView> (0x00000000d9bdb580) thrown at [C:\re\workspace\8-2-build-windows-amd64-cygwin\jdk8u171\10807\hotspot\src\share\vm\classfile\systemDictionary.cpp, line 210
Event: 3.583 Thread 0x000000001cfee000 Exception <a 'java/lang/ClassNotFoundException': org/springframework/boot/actuate/endpoint/jmx/EndpointMBean> (0x00000000d9bdb8d8) thrown at [C:\re\workspace\8-2-build-windows-amd64-cygwin\jdk8u171\10807\hotspot\src\share\vm\classfile\systemDictionary.cpp
Event: 3.583 Thread 0x000000001cfee000 Exception <a 'java/lang/ClassNotFoundException': org/springframework/boot/actuate/endpoint/jmx/DataEndpointMBean> (0x00000000d9bdbe20) thrown at [C:\re\workspace\8-2-build-windows-amd64-cygwin\jdk8u171\10807\hotspot\src\share\vm\classfile\systemDictionary
Event: 3.583 Thread 0x000000001cfee000 Exception <a 'java/lang/ClassNotFoundException': org/springframework/context/support/LiveBeansView> (0x00000000d9bdc350) thrown at [C:\re\workspace\8-2-build-windows-amd64-cygwin\jdk8u171\10807\hotspot\src\share\vm\classfile\systemDictionary.cpp, line 210
Event: 4.066 Thread 0x000000001b4bc800 Implicit null exception at 0x00000000039bf2d9 to 0x00000000039bf685
Event: 4.136 Thread 0x000000001b4bc800 Exception <a 'java/lang/NoSuchMethodError': java.lang.Object.lambda$comparing$77a9974f$1(Ljava/util/function/Function;Ljava/lang/Object;Ljava/lang/Object;)I> (0x00000000d7014348) thrown at [C:\re\workspace\8-2-build-windows-amd64-cygwin\jdk8u171\10807\hot
Event: 4.319 Thread 0x000000001b4bc800 Exception <a 'java/lang/IncompatibleClassChangeError': Found class java.lang.Object, but interface was expected> (0x00000000d8749ed8) thrown at [C:\re\workspace\8-2-build-windows-amd64-cygwin\jdk8u171\10807\hotspot\src\share\vm\interpreter\linkResolver.cp
Event: 4.988 Thread 0x000000001b4bc800 Exception <a 'java/lang/NoSuchMethodError': org.slf4j.impl.StaticMarkerBinder.getSingleton()Lorg/slf4j/impl/StaticMarkerBinder;> (0x00000000d8740b60) thrown at [C:\re\workspace\8-2-build-windows-amd64-cygwin\jdk8u171\10807\hotspot\src\share\vm\interpreter

Events (10 events):
Event: 5.589 loading class org/springframework/boot/autoconfigure/transaction/TransactionAutoConfiguration done
Event: 5.591 loading class org/springframework/boot/web/client/RestTemplateBuilder
Event: 5.591 loading class org/springframework/boot/web/client/RestTemplateBuilder done
Event: 5.592 loading class org/springframework/boot/autoconfigure/web/client/RestTemplateAutoConfiguration
Event: 5.592 loading class org/springframework/boot/autoconfigure/web/client/RestTemplateAutoConfiguration done
Event: 5.598 loading class org/springframework/boot/autoconfigure/web/embedded/EmbeddedWebServerFactoryCustomizerAutoConfiguration$TomcatWebServerFactoryCustomizerConfiguration
Event: 5.598 loading class org/springframework/boot/autoconfigure/web/embedded/EmbeddedWebServerFactoryCustomizerAutoConfiguration$TomcatWebServerFactoryCustomizerConfiguration done
Event: 5.599 loading class org/springframework/boot/autoconfigure/web/embedded/TomcatWebServerFactoryCustomizer
Event: 5.599 loading class org/springframework/boot/autoconfigure/web/embedded/TomcatWebServerFactoryCustomizer done
Event: 5.600 Executing VM operation: CollectForMetadataAllocation


Dynamic libraries:
0x00007ff796ec0000 - 0x00007ff796ef7000 	C:\Program Files\Java\jdk1.8.0_171\bin\javaw.exe
0x00007ffab63a0000 - 0x00007ffab658d000 	C:\WINDOWS\SYSTEM32\ntdll.dll
0x00007ffab3830000 - 0x00007ffab38e3000 	C:\WINDOWS\System32\KERNEL32.DLL
0x00007ffab3160000 - 0x00007ffab33f3000 	C:\WINDOWS\System32\KERNELBASE.dll
0x00007ffab5730000 - 0x00007ffab57d3000 	C:\WINDOWS\System32\ADVAPI32.dll
0x00007ffab38f0000 - 0x00007ffab398e000 	C:\WINDOWS\System32\msvcrt.dll
0x00007ffab3b40000 - 0x00007ffab3bde000 	C:\WINDOWS\System32\sechost.dll
0x00007ffab3be0000 - 0x00007ffab3d02000 	C:\WINDOWS\System32\RPCRT4.dll
0x00007ffab5b00000 - 0x00007ffab5c97000 	C:\WINDOWS\System32\USER32.dll
0x00007ffab26b0000 - 0x00007ffab26d0000 	C:\WINDOWS\System32\win32u.dll
0x00007ffab5880000 - 0x00007ffab58a9000 	C:\WINDOWS\System32\GDI32.dll
0x00007ffab26d0000 - 0x00007ffab286a000 	C:\WINDOWS\System32\gdi32full.dll
0x00007ffab3040000 - 0x00007ffab30e0000 	C:\WINDOWS\System32\msvcp_win.dll
0x00007ffab34b0000 - 0x00007ffab35aa000 	C:\WINDOWS\System32\ucrtbase.dll
0x00007ffaaa4e0000 - 0x00007ffaaa759000 	C:\WINDOWS\WinSxS\amd64_microsoft.windows.common-controls_6595b64144ccf1df_6.0.17763.557_none_05b63f68071e5b9f\COMCTL32.dll
0x00007ffab5ca0000 - 0x00007ffab5fcc000 	C:\WINDOWS\System32\combase.dll
0x00007ffab2fc0000 - 0x00007ffab303e000 	C:\WINDOWS\System32\bcryptPrimitives.dll
0x00007ffab6340000 - 0x00007ffab636e000 	C:\WINDOWS\System32\IMM32.DLL
0x0000000051630000 - 0x0000000051702000 	C:\Program Files\Java\jdk1.8.0_171\jre\bin\msvcr100.dll
0x0000000077380000 - 0x0000000077c20000 	C:\Program Files\Java\jdk1.8.0_171\jre\bin\server\jvm.dll
0x00007ffab6030000 - 0x00007ffab6038000 	C:\WINDOWS\System32\PSAPI.DLL
0x00007ffa9d520000 - 0x00007ffa9d529000 	C:\WINDOWS\SYSTEM32\WSOCK32.dll
0x00007ffaa91d0000 - 0x00007ffaa91f4000 	C:\WINDOWS\SYSTEM32\WINMM.dll
0x00007ffab5a20000 - 0x00007ffab5a8d000 	C:\WINDOWS\System32\WS2_32.dll
0x00007ffaabf50000 - 0x00007ffaabf5a000 	C:\WINDOWS\SYSTEM32\VERSION.dll
0x00007ffaa91a0000 - 0x00007ffaa91cd000 	C:\WINDOWS\SYSTEM32\WINMMBASE.dll
0x00007ffab30e0000 - 0x00007ffab312a000 	C:\WINDOWS\System32\cfgmgr32.dll
0x0000000051620000 - 0x000000005162f000 	C:\Program Files\Java\jdk1.8.0_171\jre\bin\verify.dll
0x00000000515f0000 - 0x0000000051619000 	C:\Program Files\Java\jdk1.8.0_171\jre\bin\java.dll
0x00000000515d0000 - 0x00000000515e6000 	C:\Program Files\Java\jdk1.8.0_171\jre\bin\zip.dll
0x00007ffab4240000 - 0x00007ffab5730000 	C:\WINDOWS\System32\SHELL32.dll
0x00007ffab3d10000 - 0x00007ffab3db8000 	C:\WINDOWS\System32\shcore.dll
0x00007ffab2870000 - 0x00007ffab2fba000 	C:\WINDOWS\System32\windows.storage.dll
0x00007ffab2440000 - 0x00007ffab2464000 	C:\WINDOWS\System32\profapi.dll
0x00007ffab23e0000 - 0x00007ffab243d000 	C:\WINDOWS\System32\powrprof.dll
0x00007ffab5fd0000 - 0x00007ffab6022000 	C:\WINDOWS\System32\shlwapi.dll
0x00007ffab23c0000 - 0x00007ffab23d1000 	C:\WINDOWS\System32\kernel.appcore.dll
0x00007ffab35b0000 - 0x00007ffab35c7000 	C:\WINDOWS\System32\cryptsp.dll
0x0000000051590000 - 0x00000000515aa000 	C:\Program Files\Java\jdk1.8.0_171\jre\bin\net.dll
0x00007ffab1c20000 - 0x00007ffab1c87000 	C:\WINDOWS\system32\mswsock.dll
0x00007ffab1980000 - 0x00007ffab19bd000 	C:\WINDOWS\SYSTEM32\IPHLPAPI.DLL
0x00007ffab5a90000 - 0x00007ffab5a98000 	C:\WINDOWS\System32\NSI.dll
0x00007ffaaae30000 - 0x00007ffaaae46000 	C:\WINDOWS\SYSTEM32\dhcpcsvc6.DLL
0x00007ffaaada0000 - 0x00007ffaaadbc000 	C:\WINDOWS\SYSTEM32\dhcpcsvc.DLL
0x00007ffab19c0000 - 0x00007ffab1a86000 	C:\WINDOWS\SYSTEM32\DNSAPI.dll
0x00000000515b0000 - 0x00000000515bd000 	C:\Program Files\Java\jdk1.8.0_171\jre\bin\management.dll
0x0000000051570000 - 0x0000000051581000 	C:\Program Files\Java\jdk1.8.0_171\jre\bin\nio.dll
0x00007ffaaa780000 - 0x00007ffaaa78a000 	C:\Windows\System32\rasadhlp.dll
0x00007ffaaa7a0000 - 0x00007ffaaa819000 	C:\WINDOWS\System32\fwpuclnt.dll
0x00007ffab3130000 - 0x00007ffab3156000 	C:\WINDOWS\System32\bcrypt.dll
0x00007ffa9d680000 - 0x00007ffa9d696000 	C:\WINDOWS\system32\napinsp.dll
0x00007ffa9d4d0000 - 0x00007ffa9d4ea000 	C:\WINDOWS\system32\pnrpnsp.dll
0x00007ffa9d670000 - 0x00007ffa9d67e000 	C:\WINDOWS\System32\winrnr.dll
0x00007ffaab330000 - 0x00007ffaab34b000 	C:\WINDOWS\system32\NLAapi.dll
0x00007ffa9d650000 - 0x00007ffa9d665000 	C:\WINDOWS\system32\wshbth.dll
0x00007ffab1580000 - 0x00007ffab15b3000 	C:\WINDOWS\system32\rsaenh.dll
0x00007ffab22d0000 - 0x00007ffab22f8000 	C:\WINDOWS\SYSTEM32\USERENV.dll
0x00007ffab1df0000 - 0x00007ffab1dfc000 	C:\WINDOWS\SYSTEM32\CRYPTBASE.dll

VM Arguments:
jvm_args: -Dfile.encoding=UTF-8 
java_command: com.example.demo.HpfApplication
java_class_path (initial): D:\STS-workspace\hpf\target\classes;C:\Users\PengFeiHuang\.m2\repository\org\springframework\boot\spring-boot-starter-amqp\2.1.4.RELEASE\spring-boot-starter-amqp-2.1.4.RELEASE.jar;C:\Users\PengFeiHuang\.m2\repository\org\springframework\boot\spring-boot-starter\2.1.4.RELEASE\spring-boot-starter-2.1.4.RELEASE.jar;C:\Users\PengFeiHuang\.m2\repository\javax\annotation\javax.annotation-api\1.3.2\javax.annotation-api-1.3.2.jar;C:\Users\PengFeiHuang\.m2\repository\org\yaml\snakeyaml\1.23\snakeyaml-1.23.jar;C:\Users\PengFeiHuang\.m2\repository\org\springframework\spring-messaging\5.1.6.RELEASE\spring-messaging-5.1.6.RELEASE.jar;C:\Users\PengFeiHuang\.m2\repository\org\springframework\amqp\spring-rabbit\2.1.5.RELEASE\spring-rabbit-2.1.5.RELEASE.jar;C:\Users\PengFeiHuang\.m2\repository\org\springframework\amqp\spring-amqp\2.1.5.RELEASE\spring-amqp-2.1.5.RELEASE.jar;C:\Users\PengFeiHuang\.m2\repository\org\springframework\retry\spring-retry\1.2.4.RELEASE\spring-retry-1.2.4.RELEASE.jar;C:\Users\PengFeiHuang\.m2\repository\com\rabbitmq\amqp-client\5.4.3\amqp-client-5.4.3.jar;C:\Users\PengFeiHuang\.m2\repository\org\springframework\spring-context\5.1.6.RELEASE\spring-context-5.1.6.RELEASE.jar;C:\Users\PengFeiHuang\.m2\repository\org\springframework\spring-tx\5.1.6.RELEASE\spring-tx-5.1.6.RELEASE.jar;C:\Users\PengFeiHuang\.m2\repository\org\springframework\boot\spring-boot-starter-data-redis\2.1.4.RELEASE\spring-boot-starter-data-redis-2.1.4.RELEASE.jar;C:\Users\PengFeiHuang\.m2\repository\org\springframework\data\spring-data-redis\2.1.6.RELEASE\spring-data-redis-2.1.6.RELEASE.jar;C:\Users\PengFeiHuang\.m2\repository\org\springframework\data\spring-data-keyvalue\2.1.6.RELEASE\spring-data-keyvalue-2.1.6.RELEASE.jar;C:\Users\PengFeiHuang\.m2\repository\org\springframework\data\spring-data-commons\2.1.6.RELEASE\spring-data-commons-2.1.6.RELEASE.jar;C:\Users\PengFeiHuang\.m2\repository\org\springframework\spring-oxm\5.1.6.RELEASE\spring-oxm-5.1.6.RELEASE.
Launcher Type: SUN_STANDARD

Environment Variables:
JAVA_HOME=C:\Program Files\Java\jdk1.8.0_171
CLASSPATH=.;C:\Program Files\Java\jdk1.8.0_171\lib;C:\Program Files\Java\jdk1.8.0_171\lib\tools.jar
PATH=C:/Program Files/Java/jre1.8.0_171/bin/server;C:/Program Files/Java/jre1.8.0_171/bin;C:/Program Files/Java/jre1.8.0_171/lib/amd64;C:\Program Files (x86)\Common Files\Oracle\Java\javapath;C:\WINDOWS\system32;C:\WINDOWS;C:\WINDOWS\System32\Wbem;C:\WINDOWS\System32\WindowsPowerShell\v1.0\;C:\Program Files\Java\jdk1.8.0_171\bin;C:\Program Files\Java\jdk1.8.0_171\jre\bin;D:\apache-maven-3.3.1\bin;D:\Mysql-database\mysql-8.0.15-winx64\bin;D:\开发软件\svn client\bin;D:\;nstantclient_11_2;C:\WINDOWS\System32\OpenSSH\;D:\Mysql-database\mysql-8.0.15-winx64\bin;D:\开发软件\cmder;C:\Program Files\PuTTY\;C:\Program Files (x86)\Intel\Intel(R) Management Engine Components\DAL;C:\Program Files\Intel\Intel(R) Management Engine Components\DAL;C:\Program Files (x86)\Common Files\Oracle\Java\javapath;C:\WINDOWS\system32;C:\WINDOWS;C:\WINDOWS\System32\Wbem;C:\WINDOWS\System32\WindowsPowerShell\v1.0\;C:\Program Files\Java\jdk1.8.0_171\bin;C:\Program Files\Java\jdk1.8.0_171\jre\bin;D:\apache-maven-3.3.1\bin;D:\开发软件\安装包\mysql-5.7.22-winx64\bin;D:\开发软件\svn client\bin;D:\instantclient_11_2;;C:\Users\PengFeiHuang\AppData\Local\Microsoft\WindowsApps;D:\开发软件\sts-4.2.0.RELEASE;
USERNAME=PengFeiHuang
OS=Windows_NT
PROCESSOR_IDENTIFIER=Intel64 Family 6 Model 142 Stepping 9, GenuineIntel



---------------  S Y S T E M  ---------------

OS: Windows 10.0 , 64 bit Build 17763 (10.0.17763.475)

CPU:total 4 (initial active 4) (2 cores per cpu, 2 threads per core) family 6 model 142 stepping 9, cmov, cx8, fxsr, mmx, sse, sse2, sse3, ssse3, sse4.1, sse4.2, popcnt, avx, avx2, aes, clmul, erms, rtm, 3dnowpref, lzcnt, ht, tsc, tscinvbit, bmi1, bmi2, adx

Memory: 4k page, physical 8223440k(2229704k free), swap 24975948k(5992k free)

vm_info: Java HotSpot(TM) 64-Bit Server VM (25.171-b11) for windows-amd64 JRE (1.8.0_171-b11), built on Mar 28 2018 16:06:12 by "java_re" with MS VC++ 10.0 (VS2010)

time: Mon Jun 17 23:19:33 2019
elapsed time: 5 seconds (0d 0h 0m 5s)

